  DeriveTest.cpp
C:\Users\chakh\source\repos\EventDriven\reflect\Project11\Project11\ObjectReflector.h(46,19): error C3520: '_super': parameter pack must be expanded in this context
  GarbageCollector.cpp
C:\Users\chakh\source\repos\EventDriven\reflect\Project11\Project11\GarbageCollector.cpp(92,12): warning C4267: '=': conversion from 'size_t' to 'unsigned int', possible loss of data
  main.cpp
C:\Users\chakh\source\repos\EventDriven\reflect\Project11\Project11\main.cpp(635,9): warning C4101: 'duration': unreferenced local variable
C:\Users\chakh\source\repos\EventDriven\reflect\Project11\Project11\ObjectReflector.h(46,19): error C3520: '_super': parameter pack must be expanded in this context
  ObjectReflector.cpp
  Reflection.cpp
  TestClass.cpp
C:\Users\chakh\source\repos\EventDriven\reflect\Project11\Project11\ObjectReflector.h(46,19): error C3520: '_super': parameter pack must be expanded in this context
  Generating Code...
